R= 3.0
現在のZ値: 50 OUTPUT_DIR: ../../imageデータ/Z_b_change報酬罰/+1+0.2-1-0.2+1+0.2aaaaa
現在のb値: 0
ステップ数 0 協力率 0.5728 | 罰回数 i: 6843, j: 6750
0または1になったステップ数 23
現在のb値: 0.2
ステップ数 0 協力率 0.5810 | 罰回数 i: 5487, j: 5415
0または1になったステップ数 26
現在のb値: 0.4
ステップ数 0 協力率 0.5766 | 罰回数 i: 4644, j: 4635
0または1になったステップ数 21
現在のb値: 0.6
ステップ数 0 協力率 0.5799 | 罰回数 i: 4183, j: 4157
0または1になったステップ数 20
現在のb値: 0.8
ステップ数 0 協力率 0.5819 | 罰回数 i: 3729, j: 3704
0または1になったステップ数 24
現在のb値: 1.0
ステップ数 0 協力率 0.5835 | 罰回数 i: 3418, j: 3409
0または1になったステップ数 20
image_Z=50_r=3.0_+1+0.2-1-0.2+1+0.2aaaaa_omega=0.1.zipが../../imageデータ/Z_b_change報酬罰/+1+0.2-1-0.2+1+0.2aaaaa\image_Z=50_r=3.0_+1+0.2-1-0.2+1+0.2aaaaa_omega=0.1.zipに保存されました
image_C_Z=50_r=3.0_+1+0.2-1-0.2+1+0.2aaaaa_omega=0.1.zipが../../imageデータ/Z_b_change報酬罰/+1+0.2-1-0.2+1+0.2aaaaa/C\image_C_Z=50_r=3.0_+1+0.2-1-0.2+1+0.2aaaaa_omega=0.1.zipに保存されました
image_CP_Z=50_r=3.0_+1+0.2-1-0.2+1+0.2aaaaa_omega=0.1.zipが../../imageデータ/Z_b_change報酬罰/+1+0.2-1-0.2+1+0.2aaaaa/CP\image_CP_Z=50_r=3.0_+1+0.2-1-0.2+1+0.2aaaaa_omega=0.1.zipに保存されました
image_D_Z=50_r=3.0_+1+0.2-1-0.2+1+0.2aaaaa_omega=0.1.zipが../../imageデータ/Z_b_change報酬罰/+1+0.2-1-0.2+1+0.2aaaaa/D\image_D_Z=50_r=3.0_+1+0.2-1-0.2+1+0.2aaaaa_omega=0.1.zipに保存されました
punish_history_Z=50_r=3.0_+1+0.2-1-0.2+1+0.2aaaaa_omega=0.1.zipが../../imageデータ/Z_b_change報酬罰/+1+0.2-1-0.2+1+0.2aaaaa/Punish\punish_history_Z=50_r=3.0_+1+0.2-1-0.2+1+0.2aaaaa_omega=0.1.zipに保存されました
payoff_history_Z=50_r=3.0_+1+0.2-1-0.2+1+0.2aaaaa_omega=0.1.zipが../../imageデータ/Z_b_change報酬罰/+1+0.2-1-0.2+1+0.2aaaaa/Payoff\payoff_history_Z=50_r=3.0_+1+0.2-1-0.2+1+0.2aaaaa_omega=0.1.zipに保存されました
現在のZ値: 60 OUTPUT_DIR: ../../imageデータ/Z_b_change報酬罰/+1+0.2-1-0.2+1+0.2aaaaa
現在のb値: 0
ステップ数 0 協力率 0.5587 | 罰回数 i: 8158, j: 8040
0または1になったステップ数 28
現在のb値: 0.2
ステップ数 0 協力率 0.5628 | 罰回数 i: 6804, j: 6781
0または1になったステップ数 27
現在のb値: 0.4
ステップ数 0 協力率 0.5655 | 罰回数 i: 5779, j: 5769
0または1になったステップ数 36
現在のb値: 0.6
ステップ数 0 協力率 0.5659 | 罰回数 i: 5272, j: 5208
0または1になったステップ数 26
現在のb値: 0.8
ステップ数 0 協力率 0.5658 | 罰回数 i: 4416, j: 4366
0または1になったステップ数 33
現在のb値: 1.0
ステップ数 0 協力率 0.5660 | 罰回数 i: 3958, j: 3853
0または1になったステップ数 35
image_Z=60_r=3.0_+1+0.2-1-0.2+1+0.2aaaaa_omega=0.1.zipが../../imageデータ/Z_b_change報酬罰/+1+0.2-1-0.2+1+0.2aaaaa\image_Z=60_r=3.0_+1+0.2-1-0.2+1+0.2aaaaa_omega=0.1.zipに保存されました
image_C_Z=60_r=3.0_+1+0.2-1-0.2+1+0.2aaaaa_omega=0.1.zipが../../imageデータ/Z_b_change報酬罰/+1+0.2-1-0.2+1+0.2aaaaa/C\image_C_Z=60_r=3.0_+1+0.2-1-0.2+1+0.2aaaaa_omega=0.1.zipに保存されました
image_CP_Z=60_r=3.0_+1+0.2-1-0.2+1+0.2aaaaa_omega=0.1.zipが../../imageデータ/Z_b_change報酬罰/+1+0.2-1-0.2+1+0.2aaaaa/CP\image_CP_Z=60_r=3.0_+1+0.2-1-0.2+1+0.2aaaaa_omega=0.1.zipに保存されました
image_D_Z=60_r=3.0_+1+0.2-1-0.2+1+0.2aaaaa_omega=0.1.zipが../../imageデータ/Z_b_change報酬罰/+1+0.2-1-0.2+1+0.2aaaaa/D\image_D_Z=60_r=3.0_+1+0.2-1-0.2+1+0.2aaaaa_omega=0.1.zipに保存されました
punish_history_Z=60_r=3.0_+1+0.2-1-0.2+1+0.2aaaaa_omega=0.1.zipが../../imageデータ/Z_b_change報酬罰/+1+0.2-1-0.2+1+0.2aaaaa/Punish\punish_history_Z=60_r=3.0_+1+0.2-1-0.2+1+0.2aaaaa_omega=0.1.zipに保存されました
payoff_history_Z=60_r=3.0_+1+0.2-1-0.2+1+0.2aaaaa_omega=0.1.zipが../../imageデータ/Z_b_change報酬罰/+1+0.2-1-0.2+1+0.2aaaaa/Payoff\payoff_history_Z=60_r=3.0_+1+0.2-1-0.2+1+0.2aaaaa_omega=0.1.zipに保存されました
現在のZ値: 70 OUTPUT_DIR: ../../imageデータ/Z_b_change報酬罰/+1+0.2-1-0.2+1+0.2aaaaa
現在のb値: 0
ステップ数 0 協力率 0.5455 | 罰回数 i: 9567, j: 9456
0または1になったステップ数 39
現在のb値: 0.2
ステップ数 0 協力率 0.5469 | 罰回数 i: 7913, j: 7874
0または1になったステップ数 34
現在のb値: 0.4
ステップ数 0 協力率 0.5493 | 罰回数 i: 6963, j: 6801
0または1になったステップ数 42
現在のb値: 0.6
ステップ数 0 協力率 0.5522 | 罰回数 i: 5993, j: 5876
0または1になったステップ数 37
現在のb値: 0.8
ステップ数 0 協力率 0.5557 | 罰回数 i: 5371, j: 5361
