R= 3.0
現在のZ値: 50 OUTPUT_DIR: ../../imageデータ/Z_b_change報酬罰/+0.6+0.2-0.6-0.2+1+0.6bbbb
現在のb値: 0
0
ステップ数 0 協力率 0.4240
ステップ数 1 協力率 0.3572
ステップ数 2 協力率 0.3118
ステップ数 3 協力率 0.2746
ステップ数 4 協力率 0.2477
ステップ数 5 協力率 0.2237
ステップ数 6 協力率 0.2020
ステップ数 7 協力率 0.1892
ステップ数 8 協力率 0.1784
ステップ数 9 協力率 0.1729
10
ステップ数 10 協力率 0.1643
ステップ数 11 協力率 0.1582
ステップ数 12 協力率 0.1537
ステップ数 13 協力率 0.1480
ステップ数 14 協力率 0.1415
ステップ数 15 協力率 0.1407
ステップ数 16 協力率 0.1379
ステップ数 17 協力率 0.1370
ステップ数 18 協力率 0.1330
ステップ数 19 協力率 0.1285
20
ステップ数 20 協力率 0.1285
ステップ数 21 協力率 0.1272
ステップ数 22 協力率 0.1273
ステップ数 23 協力率 0.1294
ステップ数 24 協力率 0.1277
ステップ数 25 協力率 0.1279
ステップ数 26 協力率 0.1308
ステップ数 27 協力率 0.1285
ステップ数 28 協力率 0.1277
ステップ数 29 協力率 0.1288
30
ステップ数 30 協力率 0.1297
ステップ数 31 協力率 0.1314
ステップ数 32 協力率 0.1289
ステップ数 33 協力率 0.1291
ステップ数 34 協力率 0.1268
ステップ数 35 協力率 0.1245
ステップ数 36 協力率 0.1225
ステップ数 37 協力率 0.1257
ステップ数 38 協力率 0.1261
ステップ数 39 協力率 0.1251
40
ステップ数 40 協力率 0.1272
ステップ数 41 協力率 0.1286
ステップ数 42 協力率 0.1300
ステップ数 43 協力率 0.1331
ステップ数 44 協力率 0.1345
ステップ数 45 協力率 0.1363
ステップ数 46 協力率 0.1390
ステップ数 47 協力率 0.1410
ステップ数 48 協力率 0.1424
ステップ数 49 協力率 0.1446
50
ステップ数 50 協力率 0.1464
ステップ数 51 協力率 0.1475
ステップ数 52 協力率 0.1500
ステップ数 53 協力率 0.1514
ステップ数 54 協力率 0.1549
ステップ数 55 協力率 0.1583
ステップ数 56 協力率 0.1614
ステップ数 57 協力率 0.1630
ステップ数 58 協力率 0.1661
ステップ数 59 協力率 0.1680
60
ステップ数 60 協力率 0.1703
ステップ数 61 協力率 0.1719
ステップ数 62 協力率 0.1791
ステップ数 63 協力率 0.1811
ステップ数 64 協力率 0.1840
ステップ数 65 協力率 0.1885
ステップ数 66 協力率 0.1894
ステップ数 67 協力率 0.1950
ステップ数 68 協力率 0.1978
ステップ数 69 協力率 0.2026
70
ステップ数 70 協力率 0.2040
ステップ数 71 協力率 0.2068
ステップ数 72 協力率 0.2081
ステップ数 73 協力率 0.2102
ステップ数 74 協力率 0.2127
ステップ数 75 協力率 0.2167
ステップ数 76 協力率 0.2181
ステップ数 77 協力率 0.2204
ステップ数 78 協力率 0.2194
ステップ数 79 協力率 0.2219
80
ステップ数 80 協力率 0.2235
ステップ数 81 協力率 0.2232
ステップ数 82 協力率 0.2228
ステップ数 83 協力率 0.2237
ステップ数 84 協力率 0.2242
ステップ数 85 協力率 0.2276
ステップ数 86 協力率 0.2283
ステップ数 87 協力率 0.2281
ステップ数 88 協力率 0.2292
ステップ数 89 協力率 0.2325
90
ステップ数 90 協力率 0.2349
ステップ数 91 協力率 0.2368
ステップ数 92 協力率 0.2370
ステップ数 93 協力率 0.2362
ステップ数 94 協力率 0.2348
ステップ数 95 協力率 0.2343
ステップ数 96 協力率 0.2366
ステップ数 97 協力率 0.2385
ステップ数 98 協力率 0.2391
ステップ数 99 協力率 0.2395
100
ステップ数 100 協力率 0.2397
ステップ数 101 協力率 0.2414
ステップ数 102 協力率 0.2422
ステップ数 103 協力率 0.2422
ステップ数 104 協力率 0.2425
ステップ数 105 協力率 0.2425
ステップ数 106 協力率 0.2399
ステップ数 107 協力率 0.2392
ステップ数 108 協力率 0.2386
ステップ数 109 協力率 0.2387
110
ステップ数 110 協力率 0.2356
ステップ数 111 協力率 0.2358
ステップ数 112 協力率 0.2329
ステップ数 113 協力率 0.2350
ステップ数 114 協力率 0.2354
ステップ数 115 協力率 0.2368
ステップ数 116 協力率 0.2399
ステップ数 117 協力率 0.2420
ステップ数 118 協力率 0.2441
ステップ数 119 協力率 0.2438
120
ステップ数 120 協力率 0.2453
ステップ数 121 協力率 0.2491
ステップ数 122 協力率 0.2500
ステップ数 123 協力率 0.2512
ステップ数 124 協力率 0.2469
ステップ数 125 協力率 0.2446
ステップ数 126 協力率 0.2419
ステップ数 127 協力率 0.2429
ステップ数 128 協力率 0.2435
ステップ数 129 協力率 0.2411
130
ステップ数 130 協力率 0.2431
ステップ数 131 協力率 0.2438
ステップ数 132 協力率 0.2440
ステップ数 133 協力率 0.2463
ステップ数 134 協力率 0.2461
ステップ数 135 協力率 0.2479
ステップ数 136 協力率 0.2509
ステップ数 137 協力率 0.2541
ステップ数 138 協力率 0.2545
ステップ数 139 協力率 0.2554
140
ステップ数 140 協力率 0.2570
ステップ数 141 協力率 0.2604
ステップ数 142 協力率 0.2595
ステップ数 143 協力率 0.2606
ステップ数 144 協力率 0.2599
ステップ数 145 協力率 0.2644
ステップ数 146 協力率 0.2660
ステップ数 147 協力率 0.2681
ステップ数 148 協力率 0.2703
ステップ数 149 協力率 0.2720
150
ステップ数 150 協力率 0.2741
ステップ数 151 協力率 0.2756
ステップ数 152 協力率 0.2786
ステップ数 153 協力率 0.2823
ステップ数 154 協力率 0.2841
ステップ数 155 協力率 0.2899
ステップ数 156 協力率 0.2910
ステップ数 157 協力率 0.2971
ステップ数 158 協力率 0.3020
ステップ数 159 協力率 0.3039
160
ステップ数 160 協力率 0.3070
ステップ数 161 協力率 0.3095
ステップ数 162 協力率 0.3089
ステップ数 163 協力率 0.3114
ステップ数 164 協力率 0.3156
ステップ数 165 協力率 0.3186
ステップ数 166 協力率 0.3202
ステップ数 167 協力率 0.3223
ステップ数 168 協力率 0.3247
ステップ数 169 協力率 0.3266
170
ステップ数 170 協力率 0.3320
ステップ数 171 協力率 0.3355
ステップ数 172 協力率 0.3357
ステップ数 173 協力率 0.3363
ステップ数 174 協力率 0.3359
ステップ数 175 協力率 0.3320
ステップ数 176 協力率 0.3291
ステップ数 177 協力率 0.3264
ステップ数 178 協力率 0.3253
ステップ数 179 協力率 0.3255
180
ステップ数 180 協力率 0.3259
ステップ数 181 協力率 0.3253
ステップ数 182 協力率 0.3238
ステップ数 183 協力率 0.3213
ステップ数 184 協力率 0.3175
ステップ数 185 協力率 0.3126
ステップ数 186 協力率 0.3096
ステップ数 187 協力率 0.3064
ステップ数 188 協力率 0.3061
ステップ数 189 協力率 0.3035
190
ステップ数 190 協力率 0.3026
ステップ数 191 協力率 0.2997
ステップ数 192 協力率 0.2963
ステップ数 193 協力率 0.2967
ステップ数 194 協力率 0.2902
ステップ数 195 協力率 0.2873
ステップ数 196 協力率 0.2873
ステップ数 197 協力率 0.2849
ステップ数 198 協力率 0.2840
ステップ数 199 協力率 0.2817
200
ステップ数 200 協力率 0.2761
ステップ数 201 協力率 0.2719
ステップ数 202 協力率 0.2703
ステップ数 203 協力率 0.2665
ステップ数 204 協力率 0.2637
ステップ数 205 協力率 0.2574
ステップ数 206 協力率 0.2567
ステップ数 207 協力率 0.2518
ステップ数 208 協力率 0.2507
ステップ数 209 協力率 0.2493
210
ステップ数 210 協力率 0.2486
ステップ数 211 協力率 0.2512
ステップ数 212 協力率 0.2509
ステップ数 213 協力率 0.2475
ステップ数 214 協力率 0.2452
ステップ数 215 協力率 0.2426
ステップ数 216 協力率 0.2434
ステップ数 217 協力率 0.2419
ステップ数 218 協力率 0.2380
ステップ数 219 協力率 0.2354
220
ステップ数 220 協力率 0.2358
ステップ数 221 協力率 0.2329
ステップ数 222 協力率 0.2298
ステップ数 223 協力率 0.2274
ステップ数 224 協力率 0.2254
ステップ数 225 協力率 0.2236
ステップ数 226 協力率 0.2259
ステップ数 227 協力率 0.2229
ステップ数 228 協力率 0.2214
ステップ数 229 協力率 0.2199
230
ステップ数 230 協力率 0.2170
ステップ数 231 協力率 0.2169
ステップ数 232 協力率 0.2177
ステップ数 233 協力率 0.2162
ステップ数 234 協力率 0.2121
ステップ数 235 協力率 0.2149
ステップ数 236 協力率 0.2186
ステップ数 237 協力率 0.2173
ステップ数 238 協力率 0.2173
ステップ数 239 協力率 0.2178
240
ステップ数 240 協力率 0.2186
ステップ数 241 協力率 0.2221
ステップ数 242 協力率 0.2248
ステップ数 243 協力率 0.2260
ステップ数 244 協力率 0.2251
ステップ数 245 協力率 0.2290
ステップ数 246 協力率 0.2325
ステップ数 247 協力率 0.2338
ステップ数 248 協力率 0.2366
ステップ数 249 協力率 0.2420
250
ステップ数 250 協力率 0.2447
ステップ数 251 協力率 0.2454
ステップ数 252 協力率 0.2492
ステップ数 253 協力率 0.2543
ステップ数 254 協力率 0.2628
ステップ数 255 協力率 0.2689
ステップ数 256 協力率 0.2687
ステップ数 257 協力率 0.2724
ステップ数 258 協力率 0.2761
ステップ数 259 協力率 0.2794
260
ステップ数 260 協力率 0.2840
ステップ数 261 協力率 0.2875
ステップ数 262 協力率 0.2920
ステップ数 263 協力率 0.2958
ステップ数 264 協力率 0.2973
ステップ数 265 協力率 0.3003
ステップ数 266 協力率 0.3033
ステップ数 267 協力率 0.3051
ステップ数 268 協力率 0.3072
ステップ数 269 協力率 0.3112
270
ステップ数 270 協力率 0.3140
ステップ数 271 協力率 0.3206
ステップ数 272 協力率 0.3245
ステップ数 273 協力率 0.3286
ステップ数 274 協力率 0.3309
ステップ数 275 協力率 0.3364
ステップ数 276 協力率 0.3414
ステップ数 277 協力率 0.3460
ステップ数 278 協力率 0.3488
ステップ数 279 協力率 0.3531
280
ステップ数 280 協力率 0.3534
ステップ数 281 協力率 0.3531
ステップ数 282 協力率 0.3554
ステップ数 283 協力率 0.3575
ステップ数 284 協力率 0.3591
ステップ数 285 協力率 0.3600
ステップ数 286 協力率 0.3612
ステップ数 287 協力率 0.3630
ステップ数 288 協力率 0.3672
ステップ数 289 協力率 0.3670
290
ステップ数 290 協力率 0.3640
ステップ数 291 協力率 0.3625
ステップ数 292 協力率 0.3624
ステップ数 293 協力率 0.3619
ステップ数 294 協力率 0.3615
ステップ数 295 協力率 0.3585
ステップ数 296 協力率 0.3600
ステップ数 297 協力率 0.3596
ステップ数 298 協力率 0.3592
ステップ数 299 協力率 0.3586
300
ステップ数 300 協力率 0.3575
ステップ数 301 協力率 0.3567
ステップ数 302 協力率 0.3573
ステップ数 303 協力率 0.3569
ステップ数 304 協力率 0.3566
ステップ数 305 協力率 0.3611
ステップ数 306 協力率 0.3599
ステップ数 307 協力率 0.3599
ステップ数 308 協力率 0.3594
ステップ数 309 協力率 0.3632
310
ステップ数 310 協力率 0.3626
ステップ数 311 協力率 0.3639
ステップ数 312 協力率 0.3652
ステップ数 313 協力率 0.3645
ステップ数 314 協力率 0.3607
ステップ数 315 協力率 0.3587
ステップ数 316 協力率 0.3559
ステップ数 317 協力率 0.3564
ステップ数 318 協力率 0.3578
ステップ数 319 協力率 0.3596
320
ステップ数 320 協力率 0.3632
ステップ数 321 協力率 0.3633
ステップ数 322 協力率 0.3622
ステップ数 323 協力率 0.3606
ステップ数 324 協力率 0.3626
ステップ数 325 協力率 0.3639
ステップ数 326 協力率 0.3650
ステップ数 327 協力率 0.3666
ステップ数 328 協力率 0.3690
ステップ数 329 協力率 0.3701
330
ステップ数 330 協力率 0.3698
ステップ数 331 協力率 0.3728
ステップ数 332 協力率 0.3737
ステップ数 333 協力率 0.3735
ステップ数 334 協力率 0.3732
ステップ数 335 協力率 0.3726
ステップ数 336 協力率 0.3717
ステップ数 337 協力率 0.3713
ステップ数 338 協力率 0.3680
ステップ数 339 協力率 0.3655
340
ステップ数 340 協力率 0.3619
ステップ数 341 協力率 0.3615
ステップ数 342 協力率 0.3598
ステップ数 343 協力率 0.3581
ステップ数 344 協力率 0.3571
ステップ数 345 協力率 0.3577
ステップ数 346 協力率 0.3596
ステップ数 347 協力率 0.3597
ステップ数 348 協力率 0.3592
ステップ数 349 協力率 0.3570
350
ステップ数 350 協力率 0.3534
ステップ数 351 協力率 0.3506
ステップ数 352 協力率 0.3482
ステップ数 353 協力率 0.3451
ステップ数 354 協力率 0.3416
ステップ数 355 協力率 0.3391
ステップ数 356 協力率 0.3363
ステップ数 357 協力率 0.3357
ステップ数 358 協力率 0.3282
ステップ数 359 協力率 0.3234
360
ステップ数 360 協力率 0.3154
ステップ数 361 協力率 0.3077
ステップ数 362 協力率 0.3059
ステップ数 363 協力率 0.3008
ステップ数 364 協力率 0.2941
ステップ数 365 協力率 0.2893
ステップ数 366 協力率 0.2855
ステップ数 367 協力率 0.2832
ステップ数 368 協力率 0.2841
ステップ数 369 協力率 0.2784
370
ステップ数 370 協力率 0.2777
ステップ数 371 協力率 0.2728
ステップ数 372 協力率 0.2677
ステップ数 373 協力率 0.2632
ステップ数 374 協力率 0.2609
ステップ数 375 協力率 0.2597
ステップ数 376 協力率 0.2620
ステップ数 377 協力率 0.2620
ステップ数 378 協力率 0.2609
ステップ数 379 協力率 0.2647
380
ステップ数 380 協力率 0.2647
ステップ数 381 協力率 0.2630
ステップ数 382 協力率 0.2647
ステップ数 383 協力率 0.2633
ステップ数 384 協力率 0.2624
ステップ数 385 協力率 0.2602
ステップ数 386 協力率 0.2603
ステップ数 387 協力率 0.2632
ステップ数 388 協力率 0.2637
ステップ数 389 協力率 0.2621
390
ステップ数 390 協力率 0.2612
ステップ数 391 協力率 0.2619
ステップ数 392 協力率 0.2589
ステップ数 393 協力率 0.2613
ステップ数 394 協力率 0.2623
ステップ数 395 協力率 0.2651
ステップ数 396 協力率 0.2679
ステップ数 397 協力率 0.2707
ステップ数 398 協力率 0.2731
ステップ数 399 協力率 0.2757
400
ステップ数 400 協力率 0.2752
ステップ数 401 協力率 0.2800
ステップ数 402 協力率 0.2808
ステップ数 403 協力率 0.2846
ステップ数 404 協力率 0.2874
ステップ数 405 協力率 0.2942
ステップ数 406 協力率 0.2941
ステップ数 407 協力率 0.2948
ステップ数 408 協力率 0.2991
ステップ数 409 協力率 0.3013
410
ステップ数 410 協力率 0.2990
ステップ数 411 協力率 0.2997
ステップ数 412 協力率 0.3004
ステップ数 413 協力率 0.3011
ステップ数 414 協力率 0.3022
ステップ数 415 協力率 0.3039
ステップ数 416 協力率 0.3041
ステップ数 417 協力率 0.3019
ステップ数 418 協力率 0.3040
ステップ数 419 協力率 0.3028
420
ステップ数 420 協力率 0.3061
ステップ数 421 協力率 0.3051
ステップ数 422 協力率 0.3017
ステップ数 423 協力率 0.2995
ステップ数 424 協力率 0.3011
ステップ数 425 協力率 0.2962
ステップ数 426 協力率 0.2961
ステップ数 427 協力率 0.2924
ステップ数 428 協力率 0.2943
ステップ数 429 協力率 0.2928
430
ステップ数 430 協力率 0.2939
ステップ数 431 協力率 0.2919
ステップ数 432 協力率 0.2948
ステップ数 433 協力率 0.2961
ステップ数 434 協力率 0.2962
ステップ数 435 協力率 0.2960
ステップ数 436 協力率 0.2967
ステップ数 437 協力率 0.2961
ステップ数 438 協力率 0.2990
ステップ数 439 協力率 0.2992
440
ステップ数 440 協力率 0.2984
ステップ数 441 協力率 0.3017
ステップ数 442 協力率 0.3060
ステップ数 443 協力率 0.3077
ステップ数 444 協力率 0.3067
ステップ数 445 協力率 0.3067
ステップ数 446 協力率 0.3026
ステップ数 447 協力率 0.3023
ステップ数 448 協力率 0.3010
ステップ数 449 協力率 0.3011
450
ステップ数 450 協力率 0.3002
ステップ数 451 協力率 0.2969
ステップ数 452 協力率 0.2962
ステップ数 453 協力率 0.2966
ステップ数 454 協力率 0.2922
ステップ数 455 協力率 0.2929
ステップ数 456 協力率 0.2934
ステップ数 457 協力率 0.2934
ステップ数 458 協力率 0.2931
ステップ数 459 協力率 0.2928
460
ステップ数 460 協力率 0.2894
ステップ数 461 協力率 0.2869
ステップ数 462 協力率 0.2855
ステップ数 463 協力率 0.2861
ステップ数 464 協力率 0.2818
ステップ数 465 協力率 0.2808
ステップ数 466 協力率 0.2866
ステップ数 467 協力率 0.2844
ステップ数 468 協力率 0.2827
ステップ数 469 協力率 0.2799
470
ステップ数 470 協力率 0.2768
ステップ数 471 協力率 0.2742
ステップ数 472 協力率 0.2724
ステップ数 473 協力率 0.2696
ステップ数 474 協力率 0.2697
ステップ数 475 協力率 0.2711
ステップ数 476 協力率 0.2704
ステップ数 477 協力率 0.2691
ステップ数 478 協力率 0.2695
ステップ数 479 協力率 0.2707
480
ステップ数 480 協力率 0.2732
ステップ数 481 協力率 0.2743
ステップ数 482 協力率 0.2756
ステップ数 483 協力率 0.2758
ステップ数 484 協力率 0.2775
ステップ数 485 協力率 0.2757
ステップ数 486 協力率 0.2757
ステップ数 487 協力率 0.2775
ステップ数 488 協力率 0.2823
ステップ数 489 協力率 0.2822
490
ステップ数 490 協力率 0.2845
ステップ数 491 協力率 0.2866
ステップ数 492 協力率 0.2881
ステップ数 493 協力率 0.2883
ステップ数 494 協力率 0.2912
ステップ数 495 協力率 0.2909
ステップ数 496 協力率 0.2917
ステップ数 497 協力率 0.2967
ステップ数 498 協力率 0.3002
ステップ数 499 協力率 0.2986
500
ステップ数 500 協力率 0.3003
ステップ数 501 協力率 0.3023
ステップ数 502 協力率 0.3027
ステップ数 503 協力率 0.3075
ステップ数 504 協力率 0.3117
ステップ数 505 協力率 0.3155
ステップ数 506 協力率 0.3153
ステップ数 507 協力率 0.3187
ステップ数 508 協力率 0.3203
ステップ数 509 協力率 0.3207
510
ステップ数 510 協力率 0.3208
ステップ数 511 協力率 0.3231
ステップ数 512 協力率 0.3264
ステップ数 513 協力率 0.3282
ステップ数 514 協力率 0.3321
ステップ数 515 協力率 0.3307
ステップ数 516 協力率 0.3299
ステップ数 517 協力率 0.3294
ステップ数 518 協力率 0.3284
ステップ数 519 協力率 0.3247
520
ステップ数 520 協力率 0.3248
ステップ数 521 協力率 0.3272
ステップ数 522 協力率 0.3248
ステップ数 523 協力率 0.3303
ステップ数 524 協力率 0.3271
ステップ数 525 協力率 0.3284
ステップ数 526 協力率 0.3263
ステップ数 527 協力率 0.3255
ステップ数 528 協力率 0.3262
ステップ数 529 協力率 0.3273
530
ステップ数 530 協力率 0.3266
ステップ数 531 協力率 0.3237
ステップ数 532 協力率 0.3252
ステップ数 533 協力率 0.3275
ステップ数 534 協力率 0.3272
ステップ数 535 協力率 0.3280
ステップ数 536 協力率 0.3287
ステップ数 537 協力率 0.3298
ステップ数 538 協力率 0.3287
ステップ数 539 協力率 0.3301
540
ステップ数 540 協力率 0.3332
ステップ数 541 協力率 0.3362
ステップ数 542 協力率 0.3375
ステップ数 543 協力率 0.3389
ステップ数 544 協力率 0.3384
ステップ数 545 協力率 0.3424
ステップ数 546 協力率 0.3459
ステップ数 547 協力率 0.3517
ステップ数 548 協力率 0.3519
ステップ数 549 協力率 0.3574
550
ステップ数 550 協力率 0.3577
ステップ数 551 協力率 0.3557
ステップ数 552 協力率 0.3595
ステップ数 553 協力率 0.3620
ステップ数 554 協力率 0.3609
ステップ数 555 協力率 0.3615
ステップ数 556 協力率 0.3635
ステップ数 557 協力率 0.3626
ステップ数 558 協力率 0.3655
ステップ数 559 協力率 0.3661
560
ステップ数 560 協力率 0.3640
ステップ数 561 協力率 0.3653
ステップ数 562 協力率 0.3670
ステップ数 563 協力率 0.3691
ステップ数 564 協力率 0.3687
ステップ数 565 協力率 0.3689
ステップ数 566 協力率 0.3701
ステップ数 567 協力率 0.3700
ステップ数 568 協力率 0.3700
ステップ数 569 協力率 0.3674
570
ステップ数 570 協力率 0.3674
ステップ数 571 協力率 0.3613
ステップ数 572 協力率 0.3627
ステップ数 573 協力率 0.3616
ステップ数 574 協力率 0.3605
ステップ数 575 協力率 0.3579
ステップ数 576 協力率 0.3557
ステップ数 577 協力率 0.3570
ステップ数 578 協力率 0.3556
ステップ数 579 協力率 0.3528
580
ステップ数 580 協力率 0.3509
ステップ数 581 協力率 0.3508
ステップ数 582 協力率 0.3538
ステップ数 583 協力率 0.3523
ステップ数 584 協力率 0.3518
ステップ数 585 協力率 0.3539
ステップ数 586 協力率 0.3527
ステップ数 587 協力率 0.3481
ステップ数 588 協力率 0.3426
ステップ数 589 協力率 0.3401
590
ステップ数 590 協力率 0.3376
ステップ数 591 協力率 0.3306
ステップ数 592 協力率 0.3326
ステップ数 593 協力率 0.3286
ステップ数 594 協力率 0.3317
ステップ数 595 協力率 0.3298
ステップ数 596 協力率 0.3279
ステップ数 597 協力率 0.3279
ステップ数 598 協力率 0.3228
ステップ数 599 協力率 0.3231
600
ステップ数 600 協力率 0.3255
ステップ数 601 協力率 0.3246
ステップ数 602 協力率 0.3210
ステップ数 603 協力率 0.3219
ステップ数 604 協力率 0.3201
ステップ数 605 協力率 0.3213
ステップ数 606 協力率 0.3211
ステップ数 607 協力率 0.3225
ステップ数 608 協力率 0.3182
ステップ数 609 協力率 0.3128
610
ステップ数 610 協力率 0.3107
ステップ数 611 協力率 0.3095
ステップ数 612 協力率 0.3115
ステップ数 613 協力率 0.3114
ステップ数 614 協力率 0.3107
ステップ数 615 協力率 0.3094
ステップ数 616 協力率 0.3051
ステップ数 617 協力率 0.3035
ステップ数 618 協力率 0.3006
ステップ数 619 協力率 0.3013
620
ステップ数 620 協力率 0.3017
ステップ数 621 協力率 0.2980
ステップ数 622 協力率 0.2926
ステップ数 623 協力率 0.2841
ステップ数 624 協力率 0.2828
